[INFO ] 2023-11-22 16:08:51.813 [main] RestAssuredAutomationFramework - Create User Executed
[INFO ] 2023-11-22 16:08:53.922 [main] RestAssuredAutomationFramework - Get User Executed
[INFO ] 2023-11-22 16:08:57.604 [main] RestAssuredAutomationFramework - Update User Executed
[INFO ] 2023-11-22 16:08:59.651 [main] RestAssuredAutomationFramework - Delete User Executed
[INFO ] 2023-11-22 16:12:44.235 [main] RestAssuredAutomationFramework_test - Create User Executed
[INFO ] 2023-11-22 16:12:45.987 [main] RestAssuredAutomationFramework_test - Get User Executed
[INFO ] 2023-11-22 16:12:49.662 [main] RestAssuredAutomationFramework_test - Update User Executed
[INFO ] 2023-11-22 16:12:51.482 [main] RestAssuredAutomationFramework_test - Delete User Executed
[INFO ] 2023-11-22 16:34:48.514 [main] RestAssuredAutomationFramework_test - Create User Executed
[INFO ] 2023-11-22 16:34:50.480 [main] RestAssuredAutomationFramework_test - Get User Executed
[INFO ] 2023-11-22 16:34:54.553 [main] RestAssuredAutomationFramework_test - Update User Executed
[INFO ] 2023-11-22 16:34:56.415 [main] RestAssuredAutomationFramework_test - Delete User Executed
[INFO ] 2023-11-22 17:32:38.824 [main] RestAssuredAutomationFramework_test - Create User Executed
[INFO ] 2023-11-22 17:32:40.756 [main] RestAssuredAutomationFramework_test - Get User Executed
[INFO ] 2023-11-22 17:32:44.832 [main] RestAssuredAutomationFramework_test - Update User Executed
[INFO ] 2023-11-22 17:32:46.703 [main] RestAssuredAutomationFramework_test - Delete User Executed
[INFO ] 2023-11-22 17:33:32.676 [main] RestAssuredAutomationFramework_test - Create User Executed
[INFO ] 2023-11-22 17:33:34.574 [main] RestAssuredAutomationFramework_test - Get User Executed
[INFO ] 2023-11-22 17:33:37.871 [main] RestAssuredAutomationFramework_test - Update User Executed
[INFO ] 2023-11-22 17:33:39.732 [main] RestAssuredAutomationFramework_test - Delete User Executed
[INFO ] 2023-11-22 17:40:03.395 [main] RestAssuredAutomationFramework_test - Create User Executed
[INFO ] 2023-11-22 17:40:05.332 [main] RestAssuredAutomationFramework_test - Get User Executed
[INFO ] 2023-11-22 17:40:08.961 [main] RestAssuredAutomationFramework_test - Update User Executed
[INFO ] 2023-11-22 17:40:10.671 [main] RestAssuredAutomationFramework_test - Delete User Executed
